# JRE version: OpenJDK Runtime Environment (8.0_112-b02) (build 1.8.0_112-release-408-b2)
# Java VM: OpenJDK 64-Bit Server VM (25.112-b2 mixed mode bsd-amd64 compressed oops)
Heap:
 par new generation   total 39296K, used 2081K [0x0000000791200000, 0x0000000793ca0000, 0x00000007a0c00000)
  eden space 34944K,   3% used [0x0000000791200000, 0x0000000791349fd0, 0x0000000793420000)
  from space 4352K,  17% used [0x0000000793860000, 0x000000079391e430, 0x0000000793ca0000)
  to   space 4352K,   0% used [0x0000000793420000, 0x0000000793420000, 0x0000000793860000)
 concurrent mark-sweep generation total 254140K, used 99351K [0x00000007a0c00000, 0x00000007b042f000, 0x00000007c0000000)
 Metaspace       used 139366K, capacity 147990K, committed 148032K, reserved 1177600K
  class space    used 17413K, capacity 19247K, committed 19268K, reserved 1048576K
GC Heap History (10 events):
Event: 6660.286 GC heap before
{Heap before GC invocations=466 (full 7):
 par new generation   total 39296K, used 35636K [0x0000000791200000, 0x0000000793ca0000, 0x00000007a0c00000)
  eden space 34944K, 100% used [0x0000000791200000, 0x0000000793420000, 0x0000000793420000)
  from space 4352K,  15% used [0x0000000793420000, 0x00000007934cd208, 0x0000000793860000)
  to   space 4352K,   0% used [0x0000000793860000, 0x0000000793860000, 0x0000000793ca0000)
 concurrent mark-sweep generation total 254140K, used 99273K [0x00000007a0c00000, 0x00000007b042f000, 0x00000007c0000000)
 Metaspace       used 139325K, capacity 147990K, committed 148032K, reserved 1177600K
  class space    used 17413K, capacity 19247K, committed 19268K, reserved 1048576K
Event: 6660.306 GC heap after
Heap after GC invocations=467 (full 7):
 par new generation   total 39296K, used 704K [0x0000000791200000, 0x0000000793ca0000, 0x00000007a0c00000)
  eden space 34944K,   0% used [0x0000000791200000, 0x0000000791200000, 0x0000000793420000)
  from space 4352K,  16% used [0x0000000793860000, 0x0000000793910368, 0x0000000793ca0000)
  to   space 4352K,   0% used [0x0000000793420000, 0x0000000793420000, 0x0000000793860000)
 concurrent mark-sweep generation total 254140K, used 99281K [0x00000007a0c00000, 0x00000007b042f000, 0x00000007c0000000)
 Metaspace       used 139325K, capacity 147990K, committed 148032K, reserved 1177600K
  class space    used 17413K, capacity 19247K, committed 19268K, reserved 1048576K
}
Event: 6663.165 GC heap before
{Heap before GC invocations=467 (full 7):
 par new generation   total 39296K, used 35648K [0x0000000791200000, 0x0000000793ca0000, 0x00000007a0c00000)
  eden space 34944K, 100% used [0x0000000791200000, 0x0000000793420000, 0x0000000793420000)
  from space 4352K,  16% used [0x0000000793860000, 0x0000000793910368, 0x0000000793ca0000)
  to   space 4352K,   0% used [0x0000000793420000, 0x0000000793420000, 0x0000000793860000)
 concurrent mark-sweep generation total 254140K, used 99281K [0x00000007a0c00000, 0x00000007b042f000, 0x00000007c0000000)
 Metaspace       used 139326K, capacity 147990K, committed 148032K, reserved 1177600K
  class space    used 17413K, capacity 19247K, committed 19268K, reserved 1048576K
Event: 6663.185 GC heap after
Heap after GC invocations=468 (full 7):
 par new generation   total 39296K, used 885K [0x0000000791200000, 0x0000000793ca0000, 0x00000007a0c00000)
  eden space 34944K,   0% used [0x0000000791200000, 0x0000000791200000, 0x0000000793420000)
  from space 4352K,  20% used [0x0000000793420000, 0x00000007934fd598, 0x0000000793860000)
  to   space 4352K,   0% used [0x0000000793860000, 0x0000000793860000, 0x0000000793ca0000)
 concurrent mark-sweep generation total 254140K, used 99300K [0x00000007a0c00000, 0x00000007b042f000, 0x00000007c0000000)
 Metaspace       used 139326K, capacity 147990K, committed 148032K, reserved 1177600K
  class space    used 17413K, capacity 19247K, committed 19268K, reserved 1048576K
}
Event: 6667.923 GC heap before
{Heap before GC invocations=468 (full 7):
 par new generation   total 39296K, used 35829K [0x0000000791200000, 0x0000000793ca0000, 0x00000007a0c00000)
  eden space 34944K, 100% used [0x0000000791200000, 0x0000000793420000, 0x0000000793420000)
  from space 4352K,  20% used [0x0000000793420000, 0x00000007934fd598, 0x0000000793860000)
  to   space 4352K,   0% used [0x0000000793860000, 0x0000000793860000, 0x0000000793ca0000)
 concurrent mark-sweep generation total 254140K, used 99300K [0x00000007a0c00000, 0x00000007b042f000, 0x00000007c0000000)
 Metaspace       used 139329K, capacity 147990K, committed 148032K, reserved 1177600K
  class space    used 17413K, capacity 19247K, committed 19268K, reserved 1048576K
Event: 6667.942 GC heap after
Heap after GC invocations=469 (full 7):
 par new generation   total 39296K, used 926K [0x0000000791200000, 0x0000000793ca0000, 0x00000007a0c00000)
  eden space 34944K,   0% used [0x0000000791200000, 0x0000000791200000, 0x0000000793420000)
  from space 4352K,  21% used [0x0000000793860000, 0x0000000793947990, 0x0000000793ca0000)
  to   space 4352K,   0% used [0x0000000793420000, 0x0000000793420000, 0x0000000793860000)
 concurrent mark-sweep generation total 254140K, used 99324K [0x00000007a0c00000, 0x00000007b042f000, 0x00000007c0000000)
 Metaspace       used 139329K, capacity 147990K, committed 148032K, reserved 1177600K
  class space    used 17413K, capacity 19247K, committed 19268K, reserved 1048576K
}
Event: 6680.088 GC heap before
{Heap before GC invocations=469 (full 7):
 par new generation   total 39296K, used 35870K [0x0000000791200000, 0x0000000793ca0000, 0x00000007a0c00000)
  eden space 34944K, 100% used [0x0000000791200000, 0x0000000793420000, 0x0000000793420000)
  from space 4352K,  21% used [0x0000000793860000, 0x0000000793947990, 0x0000000793ca0000)
  to   space 4352K,   0% used [0x0000000793420000, 0x0000000793420000, 0x0000000793860000)
 concurrent mark-sweep generation total 254140K, used 99324K [0x00000007a0c00000, 0x00000007b042f000, 0x00000007c0000000)
 Metaspace       used 139343K, capacity 147990K, committed 148032K, reserved 1177600K
  class space    used 17413K, capacity 19247K, committed 19268K, reserved 1048576K
Event: 6680.108 GC heap after
Heap after GC invocations=470 (full 7):
 par new generation   total 39296K, used 760K [0x0000000791200000, 0x0000000793ca0000, 0x00000007a0c00000)
  eden space 34944K,   0% used [0x0000000791200000, 0x0000000791200000, 0x0000000793420000)
  from space 4352K,  17% used [0x0000000793420000, 0x00000007934de1c8, 0x0000000793860000)
  to   space 4352K,   0% used [0x0000000793860000, 0x0000000793860000, 0x0000000793ca0000)
 concurrent mark-sweep generation total 254140K, used 99342K [0x00000007a0c00000, 0x00000007b042f000, 0x00000007c0000000)
 Metaspace       used 139343K, capacity 147990K, committed 148032K, reserved 1177600K
  class space    used 17413K, capacity 19247K, committed 19268K, reserved 1048576K
}
Event: 6682.373 GC heap before
{Heap before GC invocations=470 (full 7):
 par new generation   total 39296K, used 35704K [0x0000000791200000, 0x0000000793ca0000, 0x00000007a0c00000)
  eden space 34944K, 100% used [0x0000000791200000, 0x0000000793420000, 0x0000000793420000)
  from space 4352K,  17% used [0x0000000793420000, 0x00000007934de1c8, 0x0000000793860000)
  to   space 4352K,   0% used [0x0000000793860000, 0x0000000793860000, 0x0000000793ca0000)
 concurrent mark-sweep generation total 254140K, used 99342K [0x00000007a0c00000, 0x00000007b042f000, 0x00000007c0000000)
 Metaspace       used 139366K, capacity 147990K, committed 148032K, reserved 1177600K
  class space    used 17413K, capacity 19247K, committed 19268K, reserved 1048576K
Event: 6682.393 GC heap after
Heap after GC invocations=471 (full 7):
 par new generation   total 39296K, used 761K [0x0000000791200000, 0x0000000793ca0000, 0x00000007a0c00000)
  eden space 34944K,   0% used [0x0000000791200000, 0x0000000791200000, 0x0000000793420000)
  from space 4352K,  17% used [0x0000000793860000, 0x000000079391e430, 0x0000000793ca0000)
  to   space 4352K,   0% used [0x0000000793420000, 0x0000000793420000, 0x0000000793860000)
 concurrent mark-sweep generation total 254140K, used 99351K [0x00000007a0c00000, 0x00000007b042f000, 0x00000007c0000000)
 Metaspace       used 139366K, capacity 147990K, committed 148032K, reserved 1177600K
  class space    used 17413K, capacity 19247K, committed 19268K, reserved 1048576K
}

